<?xml version='1.0'?>
<ns2:test-suite xmlns:ns2='urn:model.allure.qatools.yandex.ru' start='1653748702254' stop='1653748702809'>
    <name>Reqres.in API Test GET /users</name>
    <title>Reqres.in API Test GET /users</title>
    <test-cases>
        <test-case start='1653748702254' status='failed' stop='1653748702776'>
            <name>should return a list contain all users</name>
            <title>should return a list contain all users</title>
            <labels/>
            <parameters/>
            <steps/>
            <attachments/>
            <failure>
                <message>expected 200 to equal 201</message>
                <stack-trace>AssertionError: expected 200 to equal 201
                    at Context.eval (http://localhost:50461/__cypress/tests?p=cypress\integration\sample\apiTest.js:107:36)</stack-trace>
            </failure>
        </test-case>
    </test-cases>
</ns2:test-suite>